2025-01-08 09:19:31.562 [info] [main] Log level: Info
2025-01-08 09:19:31.562 [info] [main] Validating found git in: "git"
2025-01-08 09:19:31.562 [info] [main] Using git "2.43.0" from "git"
2025-01-08 09:19:31.562 [info] [Model][doInitialScan] Initial repository scan started
2025-01-08 09:19:31.562 [info] > git rev-parse --show-toplevel [24ms]
2025-01-08 09:19:31.562 [info] fatal: not a git repository (or any of the parent directories): .git
2025-01-08 09:19:31.562 [info] > git rev-parse --show-toplevel [3ms]
2025-01-08 09:19:31.562 [info] fatal: not a git repository (or any of the parent directories): .git
2025-01-08 09:19:31.580 [info] > git rev-parse --show-toplevel [3ms]
2025-01-08 09:19:31.581 [info] fatal: not a git repository (or any of the parent directories): .git
2025-01-08 09:19:31.598 [info] > git rev-parse --show-toplevel [2ms]
2025-01-08 09:19:31.598 [info] fatal: not a git repository (or any of the parent directories): .git
2025-01-08 09:19:31.616 [info] > git rev-parse --show-toplevel [2ms]
2025-01-08 09:19:31.617 [info] fatal: not a git repository (or any of the parent directories): .git
2025-01-08 09:19:31.632 [info] > git rev-parse --show-toplevel [2ms]
2025-01-08 09:19:31.632 [info] fatal: not a git repository (or any of the parent directories): .git
2025-01-08 09:19:31.651 [info] > git rev-parse --show-toplevel [3ms]
2025-01-08 09:19:31.651 [info] fatal: not a git repository (or any of the parent directories): .git
2025-01-08 09:19:31.666 [info] > git rev-parse --show-toplevel [2ms]
2025-01-08 09:19:31.666 [info] fatal: not a git repository (or any of the parent directories): .git
2025-01-08 09:19:31.682 [info] > git rev-parse --show-toplevel [2ms]
2025-01-08 09:19:31.682 [info] fatal: not a git repository (or any of the parent directories): .git
2025-01-08 09:19:31.685 [info] [Model][doInitialScan] Initial repository scan completed - repositories (0), closed repositories (0), parent repositories (0), unsafe repositories (0)
2025-01-08 09:19:32.739 [info] > git rev-parse --show-toplevel [2ms]
2025-01-08 09:19:32.739 [info] fatal: not a git repository (or any of the parent directories): .git
