2025-01-24 14:41:56.980 [info] [main] Log level: Info
2025-01-24 14:41:56.980 [info] [main] Validating found git in: "git"
2025-01-24 14:41:56.980 [info] [main] Using git "2.43.0" from "git"
2025-01-24 14:41:56.980 [info] [Model][doInitialScan] Initial repository scan started
2025-01-24 14:41:56.980 [info] > git rev-parse --show-toplevel [24ms]
2025-01-24 14:41:56.980 [info] fatal: not a git repository (or any of the parent directories): .git
2025-01-24 14:41:56.980 [info] > git rev-parse --show-toplevel [11ms]
2025-01-24 14:41:56.980 [info] fatal: not a git repository (or any of the parent directories): .git
2025-01-24 14:41:56.998 [info] > git rev-parse --show-toplevel [2ms]
2025-01-24 14:41:56.998 [info] fatal: not a git repository (or any of the parent directories): .git
2025-01-24 14:41:57.015 [info] > git rev-parse --show-toplevel [3ms]
2025-01-24 14:41:57.015 [info] fatal: not a git repository (or any of the parent directories): .git
2025-01-24 14:41:57.032 [info] > git rev-parse --show-toplevel [2ms]
2025-01-24 14:41:57.032 [info] fatal: not a git repository (or any of the parent directories): .git
2025-01-24 14:41:57.047 [info] > git rev-parse --show-toplevel [2ms]
2025-01-24 14:41:57.047 [info] fatal: not a git repository (or any of the parent directories): .git
2025-01-24 14:41:57.063 [info] > git rev-parse --show-toplevel [3ms]
2025-01-24 14:41:57.063 [info] fatal: not a git repository (or any of the parent directories): .git
2025-01-24 14:41:57.080 [info] > git rev-parse --show-toplevel [3ms]
2025-01-24 14:41:57.080 [info] fatal: not a git repository (or any of the parent directories): .git
2025-01-24 14:41:57.096 [info] > git rev-parse --show-toplevel [2ms]
2025-01-24 14:41:57.096 [info] fatal: not a git repository (or any of the parent directories): .git
2025-01-24 14:41:57.100 [info] [Model][doInitialScan] Initial repository scan completed - repositories (0), closed repositories (0), parent repositories (0), unsafe repositories (0)
