2025-03-02 19:20:01.742 [info] Extension host with pid 164 started
2025-03-02 19:20:01.804 [info] ExtensionService#_doActivateExtension vscode.emmet, startup: false, activationEvent: 'onLanguage'
2025-03-02 19:20:01.909 [info] Lock '/root/.vscode-server/data/User/workspaceStorage/7357c8406dd7ab776bfe1fd154ad47e5/vscode.lock': Lock acquired.
2025-03-02 19:20:01.966 [info] ExtensionService#_doActivateExtension vscode.git-base, startup: true, activationEvent: '*', root cause: vscode.git
2025-03-02 19:20:02.006 [info] ExtensionService#_doActivateExtension vscode.git, startup: true, activationEvent: '*'
2025-03-02 19:20:02.007 [info] ExtensionService#_doActivateExtension vscode.github, startup: true, activationEvent: '*'
2025-03-02 19:20:02.356 [info] Eager extensions activated
2025-03-02 19:20:02.356 [info] ExtensionService#_doActivateExtension vscode.debug-auto-launch, startup: false, activationEvent: 'onStartupFinished'
2025-03-02 19:20:02.356 [info] ExtensionService#_doActivateExtension vscode.merge-conflict, startup: false, activationEvent: 'onStartupFinished'
2025-03-02 19:20:45.839 [info] ExtensionService#_doActivateExtension vscode.npm, startup: false, activationEvent: 'onTerminalQuickFixRequest:ms-vscode.npm-command'
2025-03-02 19:20:50.990 [info] ExtensionService#_doActivateExtension vscode.configuration-editing, startup: false, activationEvent: 'onLanguage:json'
2025-03-02 19:20:50.990 [info] ExtensionService#_doActivateExtension vscode.extension-editing, startup: false, activationEvent: 'onLanguage:json'
2025-03-02 19:20:50.990 [info] ExtensionService#_doActivateExtension vscode.json-language-features, startup: false, activationEvent: 'onLanguage:json'
2025-03-02 21:41:43.660 [warning] [Decorations] CAPPING events from decorations provider vscode.git 1781
2025-03-02 21:41:44.090 [warning] [Decorations] CAPPING events from decorations provider vscode.git 1781
2025-03-02 21:41:52.218 [warning] [Decorations] CAPPING events from decorations provider vscode.git 1781
2025-03-02 21:42:08.001 [warning] [Decorations] CAPPING events from decorations provider vscode.git 1781
2025-03-02 21:42:13.139 [warning] [Decorations] CAPPING events from decorations provider vscode.git 1781
2025-03-02 21:42:13.962 [warning] [Decorations] CAPPING events from decorations provider vscode.git 1781
2025-03-02 21:42:19.133 [warning] [Decorations] CAPPING events from decorations provider vscode.git 1781
2025-03-02 21:42:24.298 [warning] [Decorations] CAPPING events from decorations provider vscode.git 1781
2025-03-02 21:42:29.894 [warning] [Decorations] CAPPING events from decorations provider vscode.git 1781
2025-03-02 21:42:35.035 [warning] [Decorations] CAPPING events from decorations provider vscode.git 1781
2025-03-02 21:42:40.164 [warning] [Decorations] CAPPING events from decorations provider vscode.git 1781
2025-03-02 21:42:45.305 [warning] [Decorations] CAPPING events from decorations provider vscode.git 1781
2025-03-02 21:42:50.460 [warning] [Decorations] CAPPING events from decorations provider vscode.git 1781
2025-03-02 21:42:55.601 [warning] [Decorations] CAPPING events from decorations provider vscode.git 1781
2025-03-02 21:43:00.752 [warning] [Decorations] CAPPING events from decorations provider vscode.git 1781
2025-03-02 21:43:05.909 [warning] [Decorations] CAPPING events from decorations provider vscode.git 1781
2025-03-02 21:43:11.053 [warning] [Decorations] CAPPING events from decorations provider vscode.git 1781
2025-03-02 21:43:16.197 [warning] [Decorations] CAPPING events from decorations provider vscode.git 1781
2025-03-02 21:43:21.328 [warning] [Decorations] CAPPING events from decorations provider vscode.git 1781
2025-03-02 21:43:26.479 [warning] [Decorations] CAPPING events from decorations provider vscode.git 1781
2025-03-02 21:43:31.634 [warning] [Decorations] CAPPING events from decorations provider vscode.git 1781
2025-03-02 21:43:36.803 [warning] [Decorations] CAPPING events from decorations provider vscode.git 1781
2025-03-02 21:43:47.831 [warning] [Decorations] CAPPING events from decorations provider vscode.git 1781
2025-03-02 21:43:53.002 [warning] [Decorations] CAPPING events from decorations provider vscode.git 1781
2025-03-02 21:44:07.601 [warning] [Decorations] CAPPING events from decorations provider vscode.git 1781
2025-03-02 21:45:03.370 [warning] [Decorations] CAPPING events from decorations provider vscode.git 1781
2025-03-02 21:45:19.165 [warning] [Decorations] CAPPING events from decorations provider vscode.git 1781
2025-03-02 21:45:27.699 [warning] [Decorations] CAPPING events from decorations provider vscode.git 1781
2025-03-02 21:45:32.828 [warning] [Decorations] CAPPING events from decorations provider vscode.git 1781
2025-03-02 21:45:47.805 [warning] [Decorations] CAPPING events from decorations provider vscode.git 1781
2025-03-02 21:45:52.937 [warning] [Decorations] CAPPING events from decorations provider vscode.git 1781
2025-03-02 21:45:58.102 [warning] [Decorations] CAPPING events from decorations provider vscode.git 1781
2025-03-02 21:46:03.286 [warning] [Decorations] CAPPING events from decorations provider vscode.git 1781
2025-03-02 21:46:08.427 [warning] [Decorations] CAPPING events from decorations provider vscode.git 1781
2025-03-02 21:46:13.577 [warning] [Decorations] CAPPING events from decorations provider vscode.git 1781
2025-03-02 21:46:18.744 [warning] [Decorations] CAPPING events from decorations provider vscode.git 1781
2025-03-02 21:46:41.688 [warning] [Decorations] CAPPING events from decorations provider vscode.git 1781
2025-03-02 21:47:31.004 [warning] [Decorations] CAPPING events from decorations provider vscode.git 1781
2025-03-02 21:47:36.130 [warning] [Decorations] CAPPING events from decorations provider vscode.git 1781
2025-03-02 21:47:41.273 [warning] [Decorations] CAPPING events from decorations provider vscode.git 1781
