2025-01-08 09:23:38.912 [info] [main] Log level: Info
2025-01-08 09:23:38.912 [info] [main] Validating found git in: "git"
2025-01-08 09:23:38.912 [info] [main] Using git "2.43.0" from "git"
2025-01-08 09:23:38.912 [info] [Model][doInitialScan] Initial repository scan started
2025-01-08 09:23:38.912 [info] > git rev-parse --show-toplevel [5ms]
2025-01-08 09:23:38.912 [info] fatal: not a git repository (or any of the parent directories): .git
2025-01-08 09:23:38.912 [info] > git rev-parse --show-toplevel [24ms]
2025-01-08 09:23:38.912 [info] fatal: not a git repository (or any of the parent directories): .git
2025-01-08 09:23:38.930 [info] > git rev-parse --show-toplevel [2ms]
2025-01-08 09:23:38.930 [info] fatal: not a git repository (or any of the parent directories): .git
2025-01-08 09:23:38.948 [info] > git rev-parse --show-toplevel [2ms]
2025-01-08 09:23:38.948 [info] fatal: not a git repository (or any of the parent directories): .git
2025-01-08 09:23:38.968 [info] > git rev-parse --show-toplevel [3ms]
2025-01-08 09:23:38.968 [info] fatal: not a git repository (or any of the parent directories): .git
2025-01-08 09:23:38.983 [info] > git rev-parse --show-toplevel [2ms]
2025-01-08 09:23:38.983 [info] fatal: not a git repository (or any of the parent directories): .git
2025-01-08 09:23:38.999 [info] > git rev-parse --show-toplevel [2ms]
2025-01-08 09:23:38.999 [info] fatal: not a git repository (or any of the parent directories): .git
2025-01-08 09:23:39.015 [info] > git rev-parse --show-toplevel [2ms]
2025-01-08 09:23:39.015 [info] fatal: not a git repository (or any of the parent directories): .git
2025-01-08 09:23:39.032 [info] > git rev-parse --show-toplevel [2ms]
2025-01-08 09:23:39.032 [info] fatal: not a git repository (or any of the parent directories): .git
2025-01-08 09:23:39.035 [info] [Model][doInitialScan] Initial repository scan completed - repositories (0), closed repositories (0), parent repositories (0), unsafe repositories (0)
2025-01-08 09:23:40.326 [info] > git rev-parse --show-toplevel [2ms]
2025-01-08 09:23:40.326 [info] fatal: not a git repository (or any of the parent directories): .git
