2025-01-08 09:11:59.468 [info] [main] Log level: Info
2025-01-08 09:11:59.468 [info] [main] Validating found git in: "git"
2025-01-08 09:11:59.468 [info] [main] Using git "2.43.0" from "git"
2025-01-08 09:11:59.468 [info] [Model][doInitialScan] Initial repository scan started
2025-01-08 09:11:59.468 [info] > git rev-parse --show-toplevel [8ms]
2025-01-08 09:11:59.468 [info] fatal: not a git repository (or any of the parent directories): .git
2025-01-08 09:11:59.469 [info] > git rev-parse --show-toplevel [2ms]
2025-01-08 09:11:59.469 [info] fatal: not a git repository (or any of the parent directories): .git
2025-01-08 09:11:59.483 [info] > git rev-parse --show-toplevel [2ms]
2025-01-08 09:11:59.483 [info] fatal: not a git repository (or any of the parent directories): .git
2025-01-08 09:11:59.499 [info] > git rev-parse --show-toplevel [3ms]
2025-01-08 09:11:59.499 [info] fatal: not a git repository (or any of the parent directories): .git
2025-01-08 09:11:59.514 [info] > git rev-parse --show-toplevel [2ms]
2025-01-08 09:11:59.514 [info] fatal: not a git repository (or any of the parent directories): .git
2025-01-08 09:11:59.517 [info] [Model][doInitialScan] Initial repository scan completed - repositories (0), closed repositories (0), parent repositories (0), unsafe repositories (0)
2025-01-08 09:12:00.849 [info] > git rev-parse --show-toplevel [3ms]
2025-01-08 09:12:00.850 [info] fatal: not a git repository (or any of the parent directories): .git
2025-01-08 09:12:01.390 [info] > git rev-parse --show-toplevel [2ms]
2025-01-08 09:12:01.390 [info] fatal: not a git repository (or any of the parent directories): .git
2025-01-08 09:12:13.951 [info] > git rev-parse --show-toplevel [3ms]
2025-01-08 09:12:13.951 [info] fatal: not a git repository (or any of the parent directories): .git
2025-01-08 09:13:27.587 [info] > git rev-parse --show-toplevel [2ms]
2025-01-08 09:13:27.587 [info] fatal: not a git repository (or any of the parent directories): .git
