2025-01-24 14:41:56.436 [info] Extension host with pid 138 started
2025-01-24 14:41:56.466 [info] ExtensionService#_doActivateExtension vscode.emmet, startup: false, activationEvent: 'onLanguage'
2025-01-24 14:41:56.535 [info] Lock '/root/.vscode-server/data/User/workspaceStorage/7357c8406dd7ab776bfe1fd154ad47e5/vscode.lock': Lock acquired.
2025-01-24 14:41:56.559 [info] ExtensionService#_doActivateExtension vscode.git-base, startup: true, activationEvent: '*', root cause: vscode.git
2025-01-24 14:41:56.580 [info] ExtensionService#_doActivateExtension vscode.git, startup: true, activationEvent: '*'
2025-01-24 14:41:56.580 [info] ExtensionService#_doActivateExtension vscode.github, startup: true, activationEvent: '*'
2025-01-24 14:41:56.834 [info] Eager extensions activated
2025-01-24 14:41:56.835 [info] ExtensionService#_doActivateExtension vscode.debug-auto-launch, startup: false, activationEvent: 'onStartupFinished'
2025-01-24 14:41:56.835 [info] ExtensionService#_doActivateExtension vscode.merge-conflict, startup: false, activationEvent: 'onStartupFinished'
2025-01-24 14:41:58.760 [info] Extension host terminating: received terminate message from renderer
2025-01-24 14:41:58.761 [info] Lock '/root/.vscode-server/data/User/workspaceStorage/7357c8406dd7ab776bfe1fd154ad47e5/vscode.lock': Marking the lockfile as scheduled to be released in 6000 ms.
2025-01-24 14:41:58.785 [error] ProxyResolver#addCertificatesV1 Canceled: Canceled
	at new IT (file:///root/.vscode-server/bin/cd4ee3b1c348a13bafd8f9ad8060705f6d4b9cba/out/vs/workbench/api/node/extensionHostProcess.js:32:153476)
	at Dy.U (file:///root/.vscode-server/bin/cd4ee3b1c348a13bafd8f9ad8060705f6d4b9cba/out/vs/workbench/api/node/extensionHostProcess.js:32:158086)
	at s.<computed>.n.charCodeAt.s.<computed> (file:///root/.vscode-server/bin/cd4ee3b1c348a13bafd8f9ad8060705f6d4b9cba/out/vs/workbench/api/node/extensionHostProcess.js:32:155580)
	at V0.loadCertificates (file:///root/.vscode-server/bin/cd4ee3b1c348a13bafd8f9ad8060705f6d4b9cba/out/vs/workbench/api/node/extensionHostProcess.js:110:54217)
	at Object.loadAdditionalCertificates (file:///root/.vscode-server/bin/cd4ee3b1c348a13bafd8f9ad8060705f6d4b9cba/out/vs/workbench/api/node/extensionHostProcess.js:159:18326)
	at /root/.vscode-server/bin/cd4ee3b1c348a13bafd8f9ad8060705f6d4b9cba/node_modules/@vscode/proxy-agent/out/index.js:697:53
	at Generator.next (<anonymous>)
	at /root/.vscode-server/bin/cd4ee3b1c348a13bafd8f9ad8060705f6d4b9cba/node_modules/@vscode/proxy-agent/out/index.js:35:71
	at new Promise (<anonymous>)
	at __awaiter (/root/.vscode-server/bin/cd4ee3b1c348a13bafd8f9ad8060705f6d4b9cba/node_modules/@vscode/proxy-agent/out/index.js:31:12)
	at /root/.vscode-server/bin/cd4ee3b1c348a13bafd8f9ad8060705f6d4b9cba/node_modules/@vscode/proxy-agent/out/index.js:696:43
	at /root/.vscode-server/bin/cd4ee3b1c348a13bafd8f9ad8060705f6d4b9cba/node_modules/@vscode/proxy-agent/out/index.js:698:16
	at Generator.next (<anonymous>)
	at /root/.vscode-server/bin/cd4ee3b1c348a13bafd8f9ad8060705f6d4b9cba/node_modules/@vscode/proxy-agent/out/index.js:35:71
	at new Promise (<anonymous>)
	at __awaiter (/root/.vscode-server/bin/cd4ee3b1c348a13bafd8f9ad8060705f6d4b9cba/node_modules/@vscode/proxy-agent/out/index.js:31:12)
	at getOrLoadAdditionalCertificates (/root/.vscode-server/bin/cd4ee3b1c348a13bafd8f9ad8060705f6d4b9cba/node_modules/@vscode/proxy-agent/out/index.js:694:12)
	at addCertificatesToOptionsV1 (/root/.vscode-server/bin/cd4ee3b1c348a13bafd8f9ad8060705f6d4b9cba/node_modules/@vscode/proxy-agent/out/index.js:673:9)
	at resolveProxyWithRequest (/root/.vscode-server/bin/cd4ee3b1c348a13bafd8f9ad8060705f6d4b9cba/node_modules/@vscode/proxy-agent/out/index.js:114:9)
	at /root/.vscode-server/bin/cd4ee3b1c348a13bafd8f9ad8060705f6d4b9cba/node_modules/@vscode/proxy-agent/out/index.js:346:77
	at new Promise (<anonymous>)
	at PacProxyAgent.resolveP [as resolver] (/root/.vscode-server/bin/cd4ee3b1c348a13bafd8f9ad8060705f6d4b9cba/node_modules/@vscode/proxy-agent/out/index.js:346:54)
	at PacProxyAgent.<anonymous> (/root/.vscode-server/bin/cd4ee3b1c348a13bafd8f9ad8060705f6d4b9cba/node_modules/@vscode/proxy-agent/out/agent.js:74:37)
	at Generator.next (<anonymous>)
	at /root/.vscode-server/bin/cd4ee3b1c348a13bafd8f9ad8060705f6d4b9cba/node_modules/@vscode/proxy-agent/out/agent.js:8:71
	at new Promise (<anonymous>)
	at __awaiter (/root/.vscode-server/bin/cd4ee3b1c348a13bafd8f9ad8060705f6d4b9cba/node_modules/@vscode/proxy-agent/out/agent.js:4:12)
	at PacProxyAgent.connect (/root/.vscode-server/bin/cd4ee3b1c348a13bafd8f9ad8060705f6d4b9cba/node_modules/@vscode/proxy-agent/out/agent.js:56:16)
	at /root/.vscode-server/bin/cd4ee3b1c348a13bafd8f9ad8060705f6d4b9cba/node_modules/agent-base/dist/index.js:132:30
	at process.processTicksAndRejections (node:internal/process/task_queues:95:5)
2025-01-24 14:41:58.785 [info] Extension host with pid 138 exiting with code 0
