2025-01-23 18:30:58.841 [info] [main] Log level: Info
2025-01-23 18:30:58.841 [info] [main] Validating found git in: "git"
2025-01-23 18:30:58.841 [info] [main] Using git "2.43.0" from "git"
2025-01-23 18:30:58.841 [info] [Model][doInitialScan] Initial repository scan started
2025-01-23 18:30:58.841 [info] > git rev-parse --show-toplevel [22ms]
2025-01-23 18:30:58.841 [info] fatal: not a git repository (or any of the parent directories): .git
2025-01-23 18:30:58.842 [info] > git rev-parse --show-toplevel [3ms]
2025-01-23 18:30:58.842 [info] fatal: not a git repository (or any of the parent directories): .git
2025-01-23 18:30:58.859 [info] > git rev-parse --show-toplevel [2ms]
2025-01-23 18:30:58.859 [info] fatal: not a git repository (or any of the parent directories): .git
2025-01-23 18:30:58.875 [info] > git rev-parse --show-toplevel [3ms]
2025-01-23 18:30:58.875 [info] fatal: not a git repository (or any of the parent directories): .git
2025-01-23 18:30:58.890 [info] > git rev-parse --show-toplevel [2ms]
2025-01-23 18:30:58.890 [info] fatal: not a git repository (or any of the parent directories): .git
2025-01-23 18:30:58.906 [info] > git rev-parse --show-toplevel [2ms]
2025-01-23 18:30:58.906 [info] fatal: not a git repository (or any of the parent directories): .git
2025-01-23 18:30:58.922 [info] > git rev-parse --show-toplevel [2ms]
2025-01-23 18:30:58.922 [info] fatal: not a git repository (or any of the parent directories): .git
2025-01-23 18:30:58.936 [info] > git rev-parse --show-toplevel [2ms]
2025-01-23 18:30:58.936 [info] fatal: not a git repository (or any of the parent directories): .git
2025-01-23 18:30:58.952 [info] > git rev-parse --show-toplevel [2ms]
2025-01-23 18:30:58.952 [info] fatal: not a git repository (or any of the parent directories): .git
2025-01-23 18:30:58.955 [info] [Model][doInitialScan] Initial repository scan completed - repositories (0), closed repositories (0), parent repositories (0), unsafe repositories (0)
2025-01-23 18:31:28.782 [info] > git rev-parse --show-toplevel [2ms]
2025-01-23 18:31:28.782 [info] fatal: not a git repository (or any of the parent directories): .git
2025-01-23 18:31:29.107 [info] > git rev-parse --show-toplevel [2ms]
2025-01-23 18:31:29.107 [info] fatal: not a git repository (or any of the parent directories): .git
